2025-12-21 22:57:38,119 - INFO - Loaded 12 combat strategies
2025-12-21 22:57:40,569 - INFO - Loaded 4 ship themes: ['Atlantians', 'Federation', 'Klingons', 'Romulans']
2025-12-21 22:58:01,975 - DEBUG - Projectile <projectiles.Projectile object at 0x000002089C551150> destroyed by point defense!
2025-12-21 22:58:01,993 - DEBUG - Projectile <projectiles.Projectile object at 0x000002089C5512D0> destroyed by point defense!
2025-12-21 22:58:04,033 - DEBUG - Projectile <projectiles.Projectile object at 0x000002089C551300> destroyed by point defense!
2025-12-21 22:58:04,077 - DEBUG - Projectile <projectiles.Projectile object at 0x000002089C551420> destroyed by point defense!
2025-12-21 22:58:08,224 - DEBUG - Projectile <projectiles.Projectile object at 0x000002089C551210> destroyed by point defense!
2025-12-21 22:58:08,263 - DEBUG - Projectile <projectiles.Projectile object at 0x000002089C5511E0> destroyed by point defense!
2025-12-21 22:58:12,268 - DEBUG - Projectile <projectiles.Projectile object at 0x000002089C551330> destroyed by point defense!
2025-12-21 22:58:12,346 - DEBUG - Projectile <projectiles.Projectile object at 0x000002089C551540> destroyed by point defense!
2025-12-21 22:58:16,322 - DEBUG - Projectile <projectiles.Projectile object at 0x000002089C551510> destroyed by point defense!
2025-12-21 22:58:16,362 - DEBUG - Projectile <projectiles.Projectile object at 0x000002089C550E20> destroyed by point defense!
2025-12-21 22:58:20,364 - DEBUG - Projectile <projectiles.Projectile object at 0x000002089C5515A0> destroyed by point defense!
2025-12-21 22:58:20,388 - DEBUG - Projectile <projectiles.Projectile object at 0x000002089C550F10> destroyed by point defense!
2025-12-21 22:58:24,343 - DEBUG - Projectile <projectiles.Projectile object at 0x000002089C551570> destroyed by point defense!
2025-12-21 22:58:24,402 - DEBUG - Projectile <projectiles.Projectile object at 0x000002089C551630> destroyed by point defense!
2025-12-21 22:58:28,352 - DEBUG - Projectile <projectiles.Projectile object at 0x000002089C5513C0> destroyed by point defense!
2025-12-21 22:58:28,401 - DEBUG - Projectile <projectiles.Projectile object at 0x000002089C550E50> destroyed by point defense!
2025-12-21 22:58:32,410 - DEBUG - Projectile <projectiles.Projectile object at 0x000002089C551450> destroyed by point defense!
2025-12-21 22:58:32,423 - DEBUG - Projectile <projectiles.Projectile object at 0x000002089C5513F0> destroyed by point defense!
2025-12-21 22:58:36,371 - DEBUG - Projectile <projectiles.Projectile object at 0x000002089C5516C0> destroyed by point defense!
2025-12-21 22:58:36,422 - DEBUG - Projectile <projectiles.Projectile object at 0x000002089C551720> destroyed by point defense!
2025-12-21 22:58:40,412 - DEBUG - Projectile <projectiles.Projectile object at 0x000002089C551600> destroyed by point defense!
2025-12-21 22:58:40,424 - DEBUG - Projectile <projectiles.Projectile object at 0x000002089C5517B0> destroyed by point defense!
2025-12-21 22:58:44,424 - DEBUG - Projectile <projectiles.Projectile object at 0x000002089C551660> destroyed by point defense!
2025-12-21 22:58:44,462 - DEBUG - Projectile <projectiles.Projectile object at 0x000002089C551840> destroyed by point defense!
2025-12-21 22:58:48,387 - DEBUG - Projectile <projectiles.Projectile object at 0x000002089C551810> destroyed by point defense!
2025-12-21 22:58:48,425 - DEBUG - Projectile <projectiles.Projectile object at 0x000002089C5515D0> destroyed by point defense!
2025-12-21 22:58:52,413 - DEBUG - Projectile <projectiles.Projectile object at 0x000002089C551480> destroyed by point defense!
2025-12-21 22:58:52,475 - DEBUG - Projectile <projectiles.Projectile object at 0x000002089C5518D0> destroyed by point defense!
2025-12-21 22:58:56,445 - DEBUG - Projectile <projectiles.Projectile object at 0x000002089C551780> destroyed by point defense!
2025-12-21 22:58:56,472 - DEBUG - Projectile <projectiles.Projectile object at 0x000002089C551960> destroyed by point defense!
2025-12-21 22:59:00,415 - DEBUG - Projectile <projectiles.Projectile object at 0x000002089C5514B0> destroyed by point defense!
2025-12-21 22:59:00,456 - DEBUG - Projectile <projectiles.Projectile object at 0x000002089C5519C0> destroyed by point defense!
2025-12-21 22:59:04,447 - DEBUG - Projectile <projectiles.Projectile object at 0x000002089C5514E0> destroyed by point defense!
2025-12-21 22:59:04,474 - DEBUG - Projectile <projectiles.Projectile object at 0x000002089C551690> destroyed by point defense!
2025-12-21 22:59:08,473 - DEBUG - Projectile <projectiles.Projectile object at 0x000002089C551900> destroyed by point defense!
2025-12-21 22:59:08,500 - DEBUG - Projectile <projectiles.Projectile object at 0x000002089C551930> destroyed by point defense!
2025-12-21 22:59:12,472 - DEBUG - Projectile <projectiles.Projectile object at 0x000002089C551870> destroyed by point defense!
2025-12-21 22:59:12,514 - DEBUG - Projectile <projectiles.Projectile object at 0x000002089C551AB0> destroyed by point defense!
2025-12-21 22:59:16,497 - DEBUG - Projectile <projectiles.Projectile object at 0x000002089C551A80> destroyed by point defense!
2025-12-21 22:59:16,524 - DEBUG - Projectile <projectiles.Projectile object at 0x000002089C551750> destroyed by point defense!
2025-12-21 22:59:20,500 - DEBUG - Projectile <projectiles.Projectile object at 0x000002089C5517E0> destroyed by point defense!
2025-12-21 22:59:20,516 - DEBUG - Projectile <projectiles.Projectile object at 0x000002089C551990> destroyed by point defense!
2025-12-21 22:59:24,535 - DEBUG - Projectile <projectiles.Projectile object at 0x000002089C551A20> destroyed by point defense!
2025-12-21 22:59:24,548 - DEBUG - Projectile <projectiles.Projectile object at 0x000002089C551BD0> destroyed by point defense!
2025-12-21 22:59:28,554 - DEBUG - Projectile <projectiles.Projectile object at 0x000002089C551180> destroyed by point defense!
2025-12-21 22:59:36,516 - DEBUG - Projectile <projectiles.Projectile object at 0x000002089C551C90> destroyed by point defense!
2025-12-21 22:59:36,542 - DEBUG - Projectile <projectiles.Projectile object at 0x000002089C551B40> destroyed by point defense!
2025-12-21 22:59:40,558 - DEBUG - Projectile <projectiles.Projectile object at 0x000002089C551A50> destroyed by point defense!
2025-12-21 22:59:40,623 - DEBUG - Projectile <projectiles.Projectile object at 0x000002089C551D80> destroyed by point defense!
2025-12-21 23:00:00,528 - DEBUG - Projectile <projectiles.Projectile object at 0x000002089C551C00> destroyed by point defense!
2025-12-21 23:00:00,543 - DEBUG - Projectile <projectiles.Projectile object at 0x000002089C551C60> destroyed by point defense!
2025-12-21 23:00:04,538 - DEBUG - Projectile <projectiles.Projectile object at 0x000002089C551090> destroyed by point defense!
2025-12-21 23:00:04,604 - DEBUG - Projectile <projectiles.Projectile object at 0x000002089C551F90> destroyed by point defense!
2025-12-21 23:00:08,554 - DEBUG - Projectile <projectiles.Projectile object at 0x000002089C551ED0> destroyed by point defense!
2025-12-21 23:00:08,581 - DEBUG - Projectile <projectiles.Projectile object at 0x000002089C551C30> destroyed by point defense!
2025-12-21 23:00:12,562 - DEBUG - Projectile <projectiles.Projectile object at 0x000002089C552020> destroyed by point defense!
2025-12-21 23:00:12,588 - DEBUG - Projectile <projectiles.Projectile object at 0x000002089C551D50> destroyed by point defense!
2025-12-21 23:00:16,562 - DEBUG - Projectile <projectiles.Projectile object at 0x000002089C551E70> destroyed by point defense!
2025-12-21 23:00:16,576 - DEBUG - Projectile <projectiles.Projectile object at 0x000002089C5520B0> destroyed by point defense!
2025-12-21 23:00:20,582 - DEBUG - Projectile <projectiles.Projectile object at 0x000002089C551F30> destroyed by point defense!
2025-12-21 23:00:20,622 - DEBUG - Projectile <projectiles.Projectile object at 0x000002089C551AE0> destroyed by point defense!
2025-12-21 23:00:24,598 - DEBUG - Projectile <projectiles.Projectile object at 0x000002089C552050> destroyed by point defense!
2025-12-21 23:00:24,623 - DEBUG - Projectile <projectiles.Projectile object at 0x000002089C552170> destroyed by point defense!
2025-12-21 23:00:28,587 - DEBUG - Projectile <projectiles.Projectile object at 0x000002089C552080> destroyed by point defense!
